<?xml version="1.0" encoding="UTF-8"?>
<!-- Generated by org.testng.reporters.JUnitReportReporter -->
<testsuite hostname="DESKTOP-18BP1P8" failures="0" tests="1" name="Test_Classes.Mirafit_CheckOut_Pre_Production_Test" time="316.400" errors="0" timestamp="2022-11-18T16:43:07 IST" skipped="0">
  <testcase classname="Test_Classes.Mirafit_CheckOut_Pre_Production_Test" name="CheckOut" time="316.400"/>
  <system-out>
    <![CDATA[ABC Abc
adb@mailinator.com
 
The product list on page is Mirafit Gym Wall Flag - Union Jack
 
The product list on page is Mirafit Gym Wall Flag - Fit Dont Quit
 
The product list on page is Mirafit Men's Black Gym T-Shirt
 
The product list on page is Mirafit Women's Black Gym T-Shirt
 
The product list on page is Mirafit Men's White Gym T-Shirt
 
The product list on page is Mirafit Women's White Gym T-Shirt
 
The product list on page is Mirafit Grey Marl Gym T-Shirt
 
The product list on page is Mirafit Men's Black Long Sleeve Base Layer
 
The product list on page is Mirafit Badge Patches
 
The product list on page is Mirafit Bumper Plate Drinks Coasters Set
 
The product list on page is Mirafit Orange Gym T-Shirt
 
The product list on page is Mirafit Men's Fitted Gym T-Shirt
 
Product Image Displayed
 
Clicked on wishlist Icon
 
Mirafit Gym Wall Flag - Fit Dont Quit has been added to your Wish List. Click here to continue shopping.
 
Clicked on continue here link
 
Clicked on product name link
 
 The Product is IN STOCK
 
1  Review Add Your Review
 
Clicked on Add to cart button
 
Navigated to cart page
 
The URL for Checkout is https://preprod.mirafit.co.uk/onestepcheckout.html
 
Selected payment by card 
 
The Card Number is entered
 
The Card Expiration date is entered
 
The Card CVV Number is entered
 
Clicked on Place order button
 
Your order number is: 101486431
 
We'll email you an order confirmation with details and tracking info.
 
Clicked on log out
 
Successfully Logged Out
 ]]>
  </system-out>
</testsuite> <!-- Test_Classes.Mirafit_CheckOut_Pre_Production_Test -->
