<?xml version="1.0" encoding="UTF-8"?>
<!-- Generated by org.testng.reporters.JUnitReportReporter -->
<testsuite hostname="DESKTOP-18BP1P8" failures="0" tests="2" name="Test_Classes.Mirafit_ClearWishlist_Test" time="125.532" errors="0" timestamp="2022-11-04T17:06:38 IST" skipped="0">
  <testcase classname="Test_Classes.Mirafit_ClearWishlist_Test" name="login" time="49.057"/>
  <system-out>
    <![CDATA[ABC Abc
adb@mailinator.com]]>
  </system-out>
  <testcase classname="Test_Classes.Mirafit_ClearWishlist_Test" name="wishlist" time="76.475"/>
  <system-out>
    <![CDATA[Product Image Displayed
Mirafit Mini Parallettes has been added to your Wish List. Click here to continue shopping.
Mirafit M3 Rack Mounted Barbell Holder has been removed from your Wish List.]]>
  </system-out>
</testsuite> <!-- Test_Classes.Mirafit_ClearWishlist_Test -->
