<?xml version="1.0" encoding="UTF-8"?>
<!-- Generated by org.testng.reporters.JUnitReportReporter -->
<testsuite hostname="DESKTOP-18BP1P8" failures="0" tests="1" name="Test_Classes.Mirafit_SignUp_Test" time="10.260" errors="0" timestamp="2022-11-08T12:11:07 IST" skipped="0">
  <testcase classname="Test_Classes.Mirafit_SignUp_Test" name="Sign_Up" time="10.260"/>
  <system-out>
    <![CDATA[]]>
  </system-out>
</testsuite> <!-- Test_Classes.Mirafit_SignUp_Test -->
