<?xml version="1.0" encoding="UTF-8"?>
<!-- Generated by org.testng.reporters.JUnitReportReporter -->
<testsuite hostname="DESKTOP-18BP1P8" failures="0" tests="1" name="Test_Classes.Mirafit_Order_Page_Pre_Production_Test" time="120.813" errors="0" timestamp="2022-11-16T17:34:28 IST" skipped="0">
  <testcase classname="Test_Classes.Mirafit_Order_Page_Pre_Production_Test" name="Accessories" time="120.813"/>
  <system-out>
    <![CDATA[ABC Abc
adb@mailinator.com
 
The Actual and Expected URL's are same i.e. https://preprod.mirafit.co.uk/sales/order/history/
 
The Order_ID is different i.e. 101486424
 
The Order_Date is different i.e. 11/10/22
 
The Order_Total is different i.e. £12.90
 
The Order_Status is same i.e. Processing
 
The Order_Actions is same i.e. View Order Reorder
 
The Order_Status is same i.e. Processing
 
The Product name is Mirafit Gym Wall Flag - Fit Dont Quit
 
The Product SKU is 777262324
 
The Product price is £7.95
 
The Product Quantity is 1
 
The Product subtotal is £7.95
 
The Product Total is £12.90
 
The product price is 7.95
 
The product quantity is 1.0
 
The product Subtotal is 7.95
 
The product Subtotal 1 is 7.95
 
The product Shipping_charges is 4.95
 
The product Grand_Total is 12.9
 
The Expected and actual total is same for the product i.e. 12.9
 
Clicked on log out
 
Successfully Logged Out
 ]]>
  </system-out>
</testsuite> <!-- Test_Classes.Mirafit_Order_Page_Pre_Production_Test -->
