<?xml version="1.0" encoding="UTF-8"?>
<!-- Generated by org.testng.reporters.JUnitReportReporter -->
<testsuite hostname="DESKTOP-18BP1P8" failures="0" tests="3" name="Test_Classes.Mirafit_AddToCart_TotalPrice_test" time="217.218" errors="0" timestamp="2022-11-03T19:25:09 IST" skipped="0">
  <testcase classname="Test_Classes.Mirafit_AddToCart_TotalPrice_test" name="login" time="49.480"/>
  <system-out>
    <![CDATA[ABC Abc
adb@mailinator.com]]>
  </system-out>
  <testcase classname="Test_Classes.Mirafit_AddToCart_TotalPrice_test" name="AddToCart" time="145.246"/>
  <system-out>
    <![CDATA[Button is Disabled
Button enabled
SEARCH RESULTS FOR: 'DUMBBELLS'
Product Image Displayed
Mirafit M1 Flat Weight Bench has been added to your Wish List. Click here to continue shopping.
 The Product is IN STOCK
20  Reviews Add Your Review
The product Info is Mirafit M1 Flat Weight Bench
Product price is £69.95
The TC for Product price is Fail
The product subtotal is £139.90
The TC for Subtotal is Fail
The Shipping charges are £4.95
The TC for Charges is Pass
The order total is £144.85
The TC for Order Total is Fail]]>
  </system-out>
  <testcase classname="Test_Classes.Mirafit_AddToCart_TotalPrice_test" name="logout" time="22.492"/>
  <system-out>
    <![CDATA[ACCOUNT]]>
  </system-out>
</testsuite> <!-- Test_Classes.Mirafit_AddToCart_TotalPrice_test -->
