<?xml version="1.0" encoding="UTF-8"?>
<!-- Generated by org.testng.reporters.JUnitReportReporter -->
<testsuite hostname="DESKTOP-18BP1P8" failures="0" tests="1" name="Test_Classes.Remove_allfromcart_Test" time="436.736" errors="0" timestamp="2022-11-15T14:46:34 IST" skipped="0">
  <testcase classname="Test_Classes.Remove_allfromcart_Test" name="parallelbar" time="436.736"/>
  <system-out>
    <![CDATA[ABC Abc
adb@mailinator.com
 
The list of products on page are as follows : 
 
Mirafit Tall Parallettes with Adjustable Extension Bar
From £79.95
VIEW DETAILS
Mirafit Mini Parallettes
From £49.95
VIEW DETAILS
Mirafit Adjustable Width Bar for Parallel Dip Bars
£19.95
Out of stock
 
Product Image Displayed
 
Clicked on wishlist Icon
 
Mirafit Mini Parallettes has been added to your Wish List. Click here to continue shopping.
 
Clicked on continue here link
 
Clicked on product name link
 
 The Product is IN STOCK
 
13  Reviews Add Your Review
 
The product is available with color varient
 
The selected product is Out of stock so selected another one
 
The selected product is Out of stock so selected another one
 
Product is out of stock
Clicked on Add to cart button
 
Navigated to cart page
 
The list of products on page are as follows : 
 
-11.95%
Mirafit Gym Wall Flag - Union Jack
£7.00 £7.95
ADD TO CART
Mirafit Gym Wall Flag - Fit Dont Quit
£7.95
ADD TO CART
Mirafit Men's Black Gym T-Shirt
Out of stock
Mirafit Women's Black Gym T-Shirt
From £17.95
VIEW DETAILS
Mirafit Men's White Gym T-Shirt
Out of stock
Mirafit Women's White Gym T-Shirt
From £17.95
VIEW DETAILS
Sale
Mirafit Grey Marl Gym T-Shirt
From £10.00
£17.95
VIEW DETAILS
Mirafit Men's Black Long Sleeve Base Layer
Out of stock
Mirafit Badge Patches
From £4.95
VIEW DETAILS
Mirafit Bumper Plate Drinks Coasters Set
£9.95
ADD TO CART
Mirafit Orange Gym T-Shirt
From £17.95
VIEW DETAILS
Mirafit Men's Fitted Gym T-Shirt
From £17.95
VIEW DETAILS
 
Product Image Displayed
 
Clicked on wishlist Icon
 
Mirafit Gym Wall Flag - Fit Dont Quit has been added to your Wish List. Click here to continue shopping.
 
Clicked on continue here link
 
Clicked on product name link
 
 The Product is IN STOCK
 
1  Review Add Your Review
 
Clicked on Add to cart button
 
Navigated to cart page
 
Clicked on clear shopping cart button
You have no items in your shopping cart.
Clicked on log out
 
Successfully Logged Out
 ]]>
  </system-out>
</testsuite> <!-- Test_Classes.Remove_allfromcart_Test -->
