<?xml version="1.0" encoding="UTF-8"?>
<!-- Generated by org.testng.reporters.JUnitReportReporter -->
<testsuite hostname="DESKTOP-18BP1P8" failures="0" tests="1" name="Test_Classes.Mirafirt_test_ParallelBar" time="125.571" errors="0" timestamp="2022-11-15T13:07:00 IST" skipped="0">
  <testcase classname="Test_Classes.Mirafirt_test_ParallelBar" name="parallelbar" time="125.571"/>
  <system-out>
    <![CDATA[ABC Abc
adb@mailinator.com
Clicked on log out
 
Successfully Logged Out]]>
  </system-out>
</testsuite> <!-- Test_Classes.Mirafirt_test_ParallelBar -->
