<?xml version="1.0" encoding="UTF-8"?>
<!-- Generated by org.testng.reporters.JUnitReportReporter -->
<testsuite hostname="DESKTOP-18BP1P8" failures="0" tests="4" name="Test_Classes.Mirafit_Footer_Share_Options_Test" time="133.413" errors="0" timestamp="2022-11-07T15:07:11 IST" skipped="0">
  <testcase classname="Test_Classes.Mirafit_Footer_Share_Options_Test" name="Footer_Share_Option_Youtube" time="30.733"/>
  <system-out>
    <![CDATA[The URL for Youtube is https://www.youtube.com/c/mirafitofficial
The actual and expected URL is same 
-----------------------------------------]]>
  </system-out>
  <testcase classname="Test_Classes.Mirafit_Footer_Share_Options_Test" name="Footer_Share_Option_Tik_Tok" time="45.250"/>
  <system-out>
    <![CDATA[The URL for Tik_Tok is https://www.tiktok.com/@mirafitofficial
The actual and expected URL is different 
-----------------------------------------]]>
  </system-out>
  <testcase classname="Test_Classes.Mirafit_Footer_Share_Options_Test" name="Footer_Share_Option_Facebook" time="31.196"/>
  <system-out>
    <![CDATA[The URL for Facebook is https://www.facebook.com/MirafitOfficial/
The actual and expected URL is same 
-----------------------------------------]]>
  </system-out>
  <testcase classname="Test_Classes.Mirafit_Footer_Share_Options_Test" name="Footer_Share_Option_Instagram" time="26.234"/>
  <system-out>
    <![CDATA[The URL for Instagram is https://www.instagram.com/mirafitofficial/
The actual and expected URL is same 
-----------------------------------------]]>
  </system-out>
</testsuite> <!-- Test_Classes.Mirafit_Footer_Share_Options_Test -->
