<?xml version="1.0" encoding="UTF-8"?>
<!-- Generated by org.testng.reporters.JUnitReportReporter -->
<testsuite hostname="DESKTOP-18BP1P8" failures="0" tests="1" name="Test_Classes.Mirafirt_Remove_AllFromCart_Test" time="332.375" errors="0" timestamp="2022-11-11T19:25:24 IST" skipped="0">
  <testcase classname="Test_Classes.Mirafirt_Remove_AllFromCart_Test" name="Clear_Shopping_Cart_Choice_Color" time="332.375"/>
  <system-out>
    <![CDATA[ABC Abc
adb@mailinator.com
Clicked on clear shopping cart button
You have no items in your shopping cart.
Clicked on log out
 
Successfully Logged Out]]>
  </system-out>
</testsuite> <!-- Test_Classes.Mirafirt_Remove_AllFromCart_Test -->
