<?xml version="1.0" encoding="UTF-8"?>
<!-- Generated by org.testng.reporters.JUnitReportReporter -->
<testsuite hostname="DESKTOP-18BP1P8" failures="0" tests="5" name="Test_Classes.Mirafit_Address_Test" time="221.524" errors="0" timestamp="2022-11-03T16:44:43 IST" skipped="0">
  <testcase classname="Test_Classes.Mirafit_Address_Test" name="GetTitle" time="0.010"/>
  <system-out/>
  <testcase classname="Test_Classes.Mirafit_Address_Test" name="getcurrentURl" time="0.018"/>
  <system-out>
    <![CDATA[Tc Fail]]>
  </system-out>
  <testcase classname="Test_Classes.Mirafit_Address_Test" name="login" time="49.267"/>
  <system-out>
    <![CDATA[ABC Abc
adb@mailinator.com]]>
  </system-out>
  <testcase classname="Test_Classes.Mirafit_Address_Test" name="Address" time="172.135"/>
  <system-out>
    <![CDATA[You saved the address.
You deleted the address.]]>
  </system-out>
  <testcase classname="Test_Classes.Mirafit_Address_Test" name="logout" time="0.094"/>
  <system-out>
    <![CDATA[ADDRESS BOOK]]>
  </system-out>
</testsuite> <!-- Test_Classes.Mirafit_Address_Test -->
