<?xml version="1.0" encoding="UTF-8"?>
<!-- Generated by org.testng.reporters.JUnitReportReporter -->
<testsuite hostname="DESKTOP-18BP1P8" failures="0" tests="1" name="Test_Classes.Mirafit_Share_Test" time="27.860" errors="0" timestamp="2022-11-07T18:59:55 IST" skipped="0">
  <testcase classname="Test_Classes.Mirafit_Share_Test" name="Share_Options" time="27.860"/>
  <system-out/>
</testsuite> <!-- Test_Classes.Mirafit_Share_Test -->
