<?xml version="1.0" encoding="UTF-8"?>
<!-- Generated by org.testng.reporters.JUnitReportReporter -->
<testsuite hostname="DESKTOP-18BP1P8" failures="0" tests="1" name="Test_Classes.Mirafit_Conditioning_Test" time="293.767" errors="0" timestamp="2022-11-07T14:11:31 IST" skipped="0">
  <testcase classname="Test_Classes.Mirafit_Conditioning_Test" name="Conditioning" time="293.767"/>
  <system-out>
    <![CDATA[Product Image Displayed
Mirafit 15mm Thick Exercise Floor Mat has been added to your Wish List. Click here to continue shopping.
 The Product is IN STOCK
20  Reviews Add Your Review
You have no items in your shopping cart.
Click here to continue shopping.]]>
  </system-out>
</testsuite> <!-- Test_Classes.Mirafit_Conditioning_Test -->
