<?xml version="1.0" encoding="UTF-8"?>
<!-- Generated by org.testng.reporters.JUnitReportReporter -->
<testsuite hostname="DESKTOP-18BP1P8" failures="0" tests="1" name="Test_Classes.Mirafit_Footer_Shop_Test" time="343.887" errors="0" timestamp="2022-11-07T16:54:41 IST" skipped="0">
  <testcase classname="Test_Classes.Mirafit_Footer_Shop_Test" name="Footer_Shop_Option" time="343.887"/>
  <system-out>
    <![CDATA[Strength Equipment
The URL for Strength_Equipment is https://preprod.mirafit.co.uk/strength-equipment.html
The actual and expected URL is same for Strength Equipment
-----------------------------------------
Weights & Bars
The URL for Weights_Bars is https://preprod.mirafit.co.uk/weights-and-bars.html
The actual and expected URL is same for Weights & Bars
-----------------------------------------
Conditioning
The URL for Conditioning is https://preprod.mirafit.co.uk/conditioning.html
The actual and expected URL is same for Conditioning
-----------------------------------------
Gym Storage
The URL for Gym_Storage is https://preprod.mirafit.co.uk/storage.html
The actual and expected URL is same for Gym Storage
-----------------------------------------
Accessories
The URL for Accessories is https://preprod.mirafit.co.uk/accessories.html
The actual and expected URL is same for Accessories
-----------------------------------------
Packages
The URL for Packages is https://preprod.mirafit.co.uk/packages.html
The actual and expected URL is same for Packages
-----------------------------------------
Shop by Sport
The URL for Shop_by_sport is https://preprod.mirafit.co.uk/shop-by-sport.html
The actual and expected URL is same for Shop by Sport
-----------------------------------------]]>
  </system-out>
</testsuite> <!-- Test_Classes.Mirafit_Footer_Shop_Test -->
