<?xml version="1.0" encoding="UTF-8"?>
<!-- Generated by org.testng.reporters.JUnitReportReporter -->
<testsuite hostname="DESKTOP-18BP1P8" failures="0" tests="1" name="Test_Classes.Mirafit_CheckOut_PayPalPre_CartPageProduction_Test" time="415.381" errors="0" timestamp="2022-11-17T17:12:12 IST" skipped="0">
  <testcase classname="Test_Classes.Mirafit_CheckOut_PayPalPre_CartPageProduction_Test" name="Accessories" time="415.381"/>
  <system-out>
    <![CDATA[ABC Abc
adb@mailinator.com
 
Product Image Displayed
 
Clicked on wishlist Icon
 
Mirafit Gym Wall Flag - Fit Dont Quit has been added to your Wish List. Click here to continue shopping.
 
Clicked on continue here link
 
Clicked on product name link
 
 The Product is IN STOCK
 
1  Review Add Your Review
 
Clicked on Add to cart button
 
Navigated to cart page
 
Clicked on Paypal Checkout button 
 
Log in to your PayPal account
 
The mail id is entered
 
The password is entered
 
Clicked on Login button
 
Clicked on review order button
 
Clicked on place order button
 
Your order number is: 101486426
 
We'll email you an order confirmation with details and tracking info.
 
Clicked on log out
 
Successfully Logged Out
 ]]>
  </system-out>
</testsuite> <!-- Test_Classes.Mirafit_CheckOut_PayPalPre_CartPageProduction_Test -->
